app/build/intermediates/manifest_merge_blame_file/debug/manifest-merger-blame-debug-report.txt
1<?xml version="1.0" encoding="utf-8"?>
2<manifest xmlns:android="http://schemas.android.com/apk/res/android"
3    package="com.account.accountapplication"
4    android:versionCode="1"
5    android:versionName="1.0" >
6
7    <uses-sdk
8        android:minSdkVersion="26"
8-->src\main\AndroidManifest.xml
9        android:targetSdkVersion="29" />
9-->src\main\AndroidManifest.xml
10
11    <uses-permission android:name="android.permission.INTERNET" />
11-->src\main\AndroidManifest.xml:5:5-67
11-->src\main\AndroidManifest.xml:5:22-64
12    <uses-permission android:name="android.permission.ACCESS_NETWORK_STATE" />
12-->src\main\AndroidManifest.xml:6:5-79
12-->src\main\AndroidManifest.xml:6:22-76
13    <uses-permission android:name="android.permission.ACCESS_WIFI_STATE" />
13-->[com.amitshekhar.android:debug-db:1.0.0] AndroidManifest.xml:30:5-76
13-->[com.amitshekhar.android:debug-db:1.0.0] AndroidManifest.xml:30:22-73
14
15    <application
15-->src\main\AndroidManifest.xml:9:5-27:19
16        android:name="com.account.accountapplication.MyApp"
16-->src\main\AndroidManifest.xml:11:9-30
17        android:allowBackup="true"
17-->src\main\AndroidManifest.xml:10:9-35
18        android:appComponentFactory="androidx.core.app.CoreComponentFactory"
18-->[androidx.core:core:1.1.0] AndroidManifest.xml:24:18-86
19        android:debuggable="true"
20        android:extractNativeLibs="false"
21        android:icon="@mipmap/ic_launcher"
21-->src\main\AndroidManifest.xml:12:9-43
22        android:label="@string/app_name"
22-->src\main\AndroidManifest.xml:13:9-41
23        android:roundIcon="@mipmap/ic_launcher_round"
23-->src\main\AndroidManifest.xml:14:9-54
24        android:supportsRtl="true"
24-->src\main\AndroidManifest.xml:15:9-35
25        android:testOnly="true"
26        android:theme="@style/AppTheme"
26-->src\main\AndroidManifest.xml:17:9-40
27        android:usesCleartextTraffic="true" >
27-->src\main\AndroidManifest.xml:16:9-44
28        <activity android:name="com.account.accountapplication.login.registerActivity" />
28-->src\main\AndroidManifest.xml:18:9-69
28-->src\main\AndroidManifest.xml:18:19-57
29        <activity android:name="com.account.accountapplication.record.recordActivity" />
29-->src\main\AndroidManifest.xml:19:9-59
29-->src\main\AndroidManifest.xml:19:19-56
30        <activity android:name="com.account.accountapplication.MainActivity" >
30-->src\main\AndroidManifest.xml:20:9-26:20
30-->src\main\AndroidManifest.xml:20:19-47
31            <intent-filter>
31-->src\main\AndroidManifest.xml:21:13-25:29
32                <action android:name="android.intent.action.MAIN" />
32-->src\main\AndroidManifest.xml:22:17-69
32-->src\main\AndroidManifest.xml:22:25-66
33
34                <category android:name="android.intent.category.LAUNCHER" />
34-->src\main\AndroidManifest.xml:24:17-77
34-->src\main\AndroidManifest.xml:24:27-74
35            </intent-filter>
36        </activity>
37
38        <provider
38-->[com.amitshekhar.android:debug-db:1.0.0] AndroidManifest.xml:33:9-37:40
39            android:name="com.amitshekhar.DebugDBInitProvider"
39-->[com.amitshekhar.android:debug-db:1.0.0] AndroidManifest.xml:34:13-63
40            android:authorities="com.account.accountapplication.DebugDBInitProvider"
40-->[com.amitshekhar.android:debug-db:1.0.0] AndroidManifest.xml:35:13-71
41            android:enabled="true"
41-->[com.amitshekhar.android:debug-db:1.0.0] AndroidManifest.xml:36:13-35
42            android:exported="false" />
42-->[com.amitshekhar.android:debug-db:1.0.0] AndroidManifest.xml:37:13-37
43
44        <activity
44-->[com.github.xuexiangjys:XUI:1.1.3] AndroidManifest.xml:10:9-12:75
45            android:name="com.xuexiang.xui.widget.imageview.preview.ui.PreviewActivity"
45-->[com.github.xuexiangjys:XUI:1.1.3] AndroidManifest.xml:11:13-88
46            android:theme="@android:style/Theme.Translucent.NoTitleBar" />
46-->[com.github.xuexiangjys:XUI:1.1.3] AndroidManifest.xml:12:13-72
47        <activity
47-->[com.github.xuexiangjys:XUI:1.1.3] AndroidManifest.xml:13:9-15:75
48            android:name="com.xuexiang.xui.widget.imageview.preview.ui.VideoPlayerActivity"
48-->[com.github.xuexiangjys:XUI:1.1.3] AndroidManifest.xml:14:13-92
49            android:theme="@android:style/Theme.Translucent.NoTitleBar" />
49-->[com.github.xuexiangjys:XUI:1.1.3] AndroidManifest.xml:15:13-72
50
51        <provider
51-->[androidx.lifecycle:lifecycle-process:2.2.0] AndroidManifest.xml:25:9-29:43
52            android:name="androidx.lifecycle.ProcessLifecycleOwnerInitializer"
52-->[androidx.lifecycle:lifecycle-process:2.2.0] AndroidManifest.xml:26:13-79
53            android:authorities="com.account.accountapplication.lifecycle-process"
53-->[androidx.lifecycle:lifecycle-process:2.2.0] AndroidManifest.xml:27:13-69
54            android:exported="false"
54-->[androidx.lifecycle:lifecycle-process:2.2.0] AndroidManifest.xml:28:13-37
55            android:multiprocess="true" />
55-->[androidx.lifecycle:lifecycle-process:2.2.0] AndroidManifest.xml:29:13-40
56
57        <service
57-->[androidx.room:room-runtime:2.2.2] AndroidManifest.xml:25:9-27:40
58            android:name="androidx.room.MultiInstanceInvalidationService"
58-->[androidx.room:room-runtime:2.2.2] AndroidManifest.xml:26:13-74
59            android:exported="false" />
59-->[androidx.room:room-runtime:2.2.2] AndroidManifest.xml:27:13-37
60    </application>
61
62</manifest>